2018-12-11 13:08:26.542  INFO 22449 --- [main] d.p.ProfileServerApplication             : Starting ProfileServerApplication on Lenovo-ideapad-700-15ISK with PID 22449 (/home/damian/Studia/Systemy_Rekomendacyjne/cacheHandling/profile-server/target/classes started by damian in /home/damian/Studia/Systemy_Rekomendacyjne/cacheHandling)
2018-12-11 13:08:26.544  INFO 22449 --- [main] d.p.ProfileServerApplication             : No active profile set, falling back to default profiles: default
2018-12-11 13:08:27.045  INFO 22449 --- [main] faultConfiguringBeanFactoryPostProcessor : No bean named 'errorChannel' has been explicitly defined. Therefore, a default PublishSubscribeChannel will be created.
2018-12-11 13:08:27.048  INFO 22449 --- [main] faultConfiguringBeanFactoryPostProcessor : No bean named 'taskScheduler' has been explicitly defined. Therefore, a default ThreadPoolTaskScheduler will be created.
2018-12-11 13:08:27.052  INFO 22449 --- [main] faultConfiguringBeanFactoryPostProcessor : No bean named 'integrationHeaderChannelRegistry' has been explicitly defined. Therefore, a default DefaultHeaderChannelRegistry will be created.
2018-12-11 13:08:27.070  INFO 22449 --- [main] trationDelegate$BeanPostProcessorChecker : Bean 'org.springframework.kafka.annotation.KafkaBootstrapConfiguration' of type [org.springframework.kafka.annotation.KafkaBootstrapConfiguration$$EnhancerBySpringCGLIB$$d734e698] is not eligible for getting processed by all BeanPostProcessors (for example: not eligible for auto-proxying)
2018-12-11 13:08:27.087  INFO 22449 --- [main] trationDelegate$BeanPostProcessorChecker : Bean 'integrationDisposableAutoCreatedBeans' of type [org.springframework.integration.config.annotation.Disposables] is not eligible for getting processed by all BeanPostProcessors (for example: not eligible for auto-proxying)
2018-12-11 13:08:27.095  INFO 22449 --- [main] trationDelegate$BeanPostProcessorChecker : Bean 'org.springframework.integration.config.IntegrationManagementConfiguration' of type [org.springframework.integration.config.IntegrationManagementConfiguration$$EnhancerBySpringCGLIB$$6e749044] is not eligible for getting processed by all BeanPostProcessors (for example: not eligible for auto-proxying)
2018-12-11 13:08:27.102  INFO 22449 --- [main] trationDelegate$BeanPostProcessorChecker : Bean 'org.springframework.boot.autoconfigure.integration.IntegrationAutoConfiguration$IntegrationJmxConfiguration' of type [org.springframework.boot.autoconfigure.integration.IntegrationAutoConfiguration$IntegrationJmxConfiguration$$EnhancerBySpringCGLIB$$4a069b64] is not eligible for getting processed by all BeanPostProcessors (for example: not eligible for auto-proxying)
2018-12-11 13:08:27.108  INFO 22449 --- [main] trationDelegate$BeanPostProcessorChecker : Bean 'org.springframework.boot.autoconfigure.jmx.JmxAutoConfiguration' of type [org.springframework.boot.autoconfigure.jmx.JmxAutoConfiguration$$EnhancerBySpringCGLIB$$82ee4431] is not eligible for getting processed by all BeanPostProcessors (for example: not eligible for auto-proxying)
2018-12-11 13:08:27.111  INFO 22449 --- [main] trationDelegate$BeanPostProcessorChecker : Bean 'mbeanServer' of type [com.sun.jmx.mbeanserver.JmxMBeanServer] is not eligible for getting processed by all BeanPostProcessors (for example: not eligible for auto-proxying)
2018-12-11 13:08:27.421  INFO 22449 --- [main] o.s.s.c.ThreadPoolTaskScheduler          : Initializing ExecutorService 'taskScheduler'
2018-12-11 13:08:27.518  INFO 22449 --- [main] o.s.i.monitor.IntegrationMBeanExporter   : Registering MessageChannel nullChannel
2018-12-11 13:08:27.534  INFO 22449 --- [main] o.s.i.monitor.IntegrationMBeanExporter   : Registering MessageChannel errorChannel
2018-12-11 13:08:27.585  INFO 22449 --- [main] o.s.i.monitor.IntegrationMBeanExporter   : Registering MessageChannel input
2018-12-11 13:08:27.606  INFO 22449 --- [main] o.s.i.monitor.IntegrationMBeanExporter   : Registering MessageHandler errorLogger
2018-12-11 13:08:27.626  INFO 22449 --- [main] o.s.c.s.m.DirectWithAttributesChannel    : Channel 'licensingservice.input' has 1 subscriber(s).
2018-12-11 13:08:27.629  INFO 22449 --- [main] o.s.i.endpoint.EventDrivenConsumer       : Adding {logging-channel-adapter:_org.springframework.integration.errorLogger} as a subscriber to the 'errorChannel' channel
2018-12-11 13:08:27.630  INFO 22449 --- [main] o.s.i.channel.PublishSubscribeChannel    : Channel 'licensingservice.errorChannel' has 1 subscriber(s).
2018-12-11 13:08:27.630  INFO 22449 --- [main] o.s.i.endpoint.EventDrivenConsumer       : started _org.springframework.integration.errorLogger
2018-12-11 13:08:27.759  INFO 22449 --- [main] o.a.k.clients.admin.AdminClientConfig    : AdminClientConfig values: 
	bootstrap.servers = [localhost:9092]
	client.id = 
	connections.max.idle.ms = 300000
	metadata.max.age.ms = 300000
	metric.reporters = []
	metrics.num.samples = 2
	metrics.recording.level = INFO
	metrics.sample.window.ms = 30000
	receive.buffer.bytes = 65536
	reconnect.backoff.max.ms = 1000
	reconnect.backoff.ms = 50
	request.timeout.ms = 120000
	retries = 5
	retry.backoff.ms = 100
	sasl.client.callback.handler.class = null
	sasl.jaas.config = null
	sasl.kerberos.kinit.cmd = /usr/bin/kinit
	sasl.kerberos.min.time.before.relogin = 60000
	sasl.kerberos.service.name = null
	sasl.kerberos.ticket.renew.jitter = 0.05
	sasl.kerberos.ticket.renew.window.factor = 0.8
	sasl.login.callback.handler.class = null
	sasl.login.class = null
	sasl.login.refresh.buffer.seconds = 300
	sasl.login.refresh.min.period.seconds = 60
	sasl.login.refresh.window.factor = 0.8
	sasl.login.refresh.window.jitter = 0.05
	sasl.mechanism = GSSAPI
	security.protocol = PLAINTEXT
	send.buffer.bytes = 131072
	ssl.cipher.suites = null
	ssl.enabled.protocols = [TLSv1.2, TLSv1.1, TLSv1]
	ssl.endpoint.identification.algorithm = https
	ssl.key.password = null
	ssl.keymanager.algorithm = SunX509
	ssl.keystore.location = null
	ssl.keystore.password = null
	ssl.keystore.type = JKS
	ssl.protocol = TLS
	ssl.provider = null
	ssl.secure.random.implementation = null
	ssl.trustmanager.algorithm = PKIX
	ssl.truststore.location = null
	ssl.truststore.password = null
	ssl.truststore.type = JKS

2018-12-11 13:08:27.777  INFO 22449 --- [main] o.a.kafka.common.utils.AppInfoParser     : Kafka version : 2.0.1
2018-12-11 13:08:27.777  INFO 22449 --- [main] o.a.kafka.common.utils.AppInfoParser     : Kafka commitId : fa14705e51bd2ce5
2018-12-11 13:08:27.878  INFO 22449 --- [main] o.a.k.clients.consumer.ConsumerConfig    : ConsumerConfig values: 
	auto.commit.interval.ms = 100
	auto.offset.reset = earliest
	bootstrap.servers = [localhost:9092]
	check.crcs = true
	client.id = 
	connections.max.idle.ms = 540000
	default.api.timeout.ms = 60000
	enable.auto.commit = false
	exclude.internal.topics = true
	fetch.max.bytes = 52428800
	fetch.max.wait.ms = 500
	fetch.min.bytes = 1
	group.id = profileServersGroup
	heartbeat.interval.ms = 3000
	interceptor.classes = []
	internal.leave.group.on.close = true
	isolation.level = read_uncommitted
	key.deserializer = class org.apache.kafka.common.serialization.ByteArrayDeserializer
	max.partition.fetch.bytes = 1048576
	max.poll.interval.ms = 300000
	max.poll.records = 500
	metadata.max.age.ms = 300000
	metric.reporters = []
	metrics.num.samples = 2
	metrics.recording.level = INFO
	metrics.sample.window.ms = 30000
	partition.assignment.strategy = [class org.apache.kafka.clients.consumer.RangeAssignor]
	receive.buffer.bytes = 65536
	reconnect.backoff.max.ms = 1000
	reconnect.backoff.ms = 50
	request.timeout.ms = 30000
	retry.backoff.ms = 100
	sasl.client.callback.handler.class = null
	sasl.jaas.config = null
	sasl.kerberos.kinit.cmd = /usr/bin/kinit
	sasl.kerberos.min.time.before.relogin = 60000
	sasl.kerberos.service.name = null
	sasl.kerberos.ticket.renew.jitter = 0.05
	sasl.kerberos.ticket.renew.window.factor = 0.8
	sasl.login.callback.handler.class = null
	sasl.login.class = null
	sasl.login.refresh.buffer.seconds = 300
	sasl.login.refresh.min.period.seconds = 60
	sasl.login.refresh.window.factor = 0.8
	sasl.login.refresh.window.jitter = 0.05
	sasl.mechanism = GSSAPI
	security.protocol = PLAINTEXT
	send.buffer.bytes = 131072
	session.timeout.ms = 10000
	ssl.cipher.suites = null
	ssl.enabled.protocols = [TLSv1.2, TLSv1.1, TLSv1]
	ssl.endpoint.identification.algorithm = https
	ssl.key.password = null
	ssl.keymanager.algorithm = SunX509
	ssl.keystore.location = null
	ssl.keystore.password = null
	ssl.keystore.type = JKS
	ssl.protocol = TLS
	ssl.provider = null
	ssl.secure.random.implementation = null
	ssl.trustmanager.algorithm = PKIX
	ssl.truststore.location = null
	ssl.truststore.password = null
	ssl.truststore.type = JKS
	value.deserializer = class org.apache.kafka.common.serialization.ByteArrayDeserializer

2018-12-11 13:08:27.893  INFO 22449 --- [main] o.a.kafka.common.utils.AppInfoParser     : Kafka version : 2.0.1
2018-12-11 13:08:27.893  INFO 22449 --- [main] o.a.kafka.common.utils.AppInfoParser     : Kafka commitId : fa14705e51bd2ce5
2018-12-11 13:08:27.897  INFO 22449 --- [main] org.apache.kafka.clients.Metadata        : Cluster ID: x6SEuoCYRI-bywenI7mA4Q
2018-12-11 13:08:27.912  INFO 22449 --- [main] o.s.i.monitor.IntegrationMBeanExporter   : Registering MessageChannel userProfileChangeTopic.profileServersGroup.errors
2018-12-11 13:08:27.949  INFO 22449 --- [main] o.s.c.stream.binder.BinderErrorChannel   : Channel 'licensingservice.userProfileChangeTopic.profileServersGroup.errors' has 1 subscriber(s).
2018-12-11 13:08:27.949  INFO 22449 --- [main] o.s.c.stream.binder.BinderErrorChannel   : Channel 'licensingservice.userProfileChangeTopic.profileServersGroup.errors' has 0 subscriber(s).
2018-12-11 13:08:27.949  INFO 22449 --- [main] o.s.c.stream.binder.BinderErrorChannel   : Channel 'licensingservice.userProfileChangeTopic.profileServersGroup.errors' has 1 subscriber(s).
2018-12-11 13:08:27.949  INFO 22449 --- [main] o.s.c.stream.binder.BinderErrorChannel   : Channel 'licensingservice.userProfileChangeTopic.profileServersGroup.errors' has 2 subscriber(s).
2018-12-11 13:08:27.954  INFO 22449 --- [main] o.a.k.clients.consumer.ConsumerConfig    : ConsumerConfig values: 
	auto.commit.interval.ms = 100
	auto.offset.reset = earliest
	bootstrap.servers = [localhost:9092]
	check.crcs = true
	client.id = 
	connections.max.idle.ms = 540000
	default.api.timeout.ms = 60000
	enable.auto.commit = false
	exclude.internal.topics = true
	fetch.max.bytes = 52428800
	fetch.max.wait.ms = 500
	fetch.min.bytes = 1
	group.id = profileServersGroup
	heartbeat.interval.ms = 3000
	interceptor.classes = []
	internal.leave.group.on.close = true
	isolation.level = read_uncommitted
	key.deserializer = class org.apache.kafka.common.serialization.ByteArrayDeserializer
	max.partition.fetch.bytes = 1048576
	max.poll.interval.ms = 300000
	max.poll.records = 500
	metadata.max.age.ms = 300000
	metric.reporters = []
	metrics.num.samples = 2
	metrics.recording.level = INFO
	metrics.sample.window.ms = 30000
	partition.assignment.strategy = [class org.apache.kafka.clients.consumer.RangeAssignor]
	receive.buffer.bytes = 65536
	reconnect.backoff.max.ms = 1000
	reconnect.backoff.ms = 50
	request.timeout.ms = 30000
	retry.backoff.ms = 100
	sasl.client.callback.handler.class = null
	sasl.jaas.config = null
	sasl.kerberos.kinit.cmd = /usr/bin/kinit
	sasl.kerberos.min.time.before.relogin = 60000
	sasl.kerberos.service.name = null
	sasl.kerberos.ticket.renew.jitter = 0.05
	sasl.kerberos.ticket.renew.window.factor = 0.8
	sasl.login.callback.handler.class = null
	sasl.login.class = null
	sasl.login.refresh.buffer.seconds = 300
	sasl.login.refresh.min.period.seconds = 60
	sasl.login.refresh.window.factor = 0.8
	sasl.login.refresh.window.jitter = 0.05
	sasl.mechanism = GSSAPI
	security.protocol = PLAINTEXT
	send.buffer.bytes = 131072
	session.timeout.ms = 10000
	ssl.cipher.suites = null
	ssl.enabled.protocols = [TLSv1.2, TLSv1.1, TLSv1]
	ssl.endpoint.identification.algorithm = https
	ssl.key.password = null
	ssl.keymanager.algorithm = SunX509
	ssl.keystore.location = null
	ssl.keystore.password = null
	ssl.keystore.type = JKS
	ssl.protocol = TLS
	ssl.provider = null
	ssl.secure.random.implementation = null
	ssl.trustmanager.algorithm = PKIX
	ssl.truststore.location = null
	ssl.truststore.password = null
	ssl.truststore.type = JKS
	value.deserializer = class org.apache.kafka.common.serialization.ByteArrayDeserializer

2018-12-11 13:08:27.958  INFO 22449 --- [main] o.a.kafka.common.utils.AppInfoParser     : Kafka version : 2.0.1
2018-12-11 13:08:27.958  INFO 22449 --- [main] o.a.kafka.common.utils.AppInfoParser     : Kafka commitId : fa14705e51bd2ce5
2018-12-11 13:08:27.960  INFO 22449 --- [main] org.apache.kafka.clients.Metadata        : Cluster ID: x6SEuoCYRI-bywenI7mA4Q
2018-12-11 13:08:27.968  INFO 22449 --- [main] o.a.k.clients.consumer.ConsumerConfig    : ConsumerConfig values: 
	auto.commit.interval.ms = 100
	auto.offset.reset = earliest
	bootstrap.servers = [localhost:9092]
	check.crcs = true
	client.id = 
	connections.max.idle.ms = 540000
	default.api.timeout.ms = 60000
	enable.auto.commit = false
	exclude.internal.topics = true
	fetch.max.bytes = 52428800
	fetch.max.wait.ms = 500
	fetch.min.bytes = 1
	group.id = profileServersGroup
	heartbeat.interval.ms = 3000
	interceptor.classes = []
	internal.leave.group.on.close = true
	isolation.level = read_uncommitted
	key.deserializer = class org.apache.kafka.common.serialization.ByteArrayDeserializer
	max.partition.fetch.bytes = 1048576
	max.poll.interval.ms = 300000
	max.poll.records = 500
	metadata.max.age.ms = 300000
	metric.reporters = []
	metrics.num.samples = 2
	metrics.recording.level = INFO
	metrics.sample.window.ms = 30000
	partition.assignment.strategy = [class org.apache.kafka.clients.consumer.RangeAssignor]
	receive.buffer.bytes = 65536
	reconnect.backoff.max.ms = 1000
	reconnect.backoff.ms = 50
	request.timeout.ms = 30000
	retry.backoff.ms = 100
	sasl.client.callback.handler.class = null
	sasl.jaas.config = null
	sasl.kerberos.kinit.cmd = /usr/bin/kinit
	sasl.kerberos.min.time.before.relogin = 60000
	sasl.kerberos.service.name = null
	sasl.kerberos.ticket.renew.jitter = 0.05
	sasl.kerberos.ticket.renew.window.factor = 0.8
	sasl.login.callback.handler.class = null
	sasl.login.class = null
	sasl.login.refresh.buffer.seconds = 300
	sasl.login.refresh.min.period.seconds = 60
	sasl.login.refresh.window.factor = 0.8
	sasl.login.refresh.window.jitter = 0.05
	sasl.mechanism = GSSAPI
	security.protocol = PLAINTEXT
	send.buffer.bytes = 131072
	session.timeout.ms = 10000
	ssl.cipher.suites = null
	ssl.enabled.protocols = [TLSv1.2, TLSv1.1, TLSv1]
	ssl.endpoint.identification.algorithm = https
	ssl.key.password = null
	ssl.keymanager.algorithm = SunX509
	ssl.keystore.location = null
	ssl.keystore.password = null
	ssl.keystore.type = JKS
	ssl.protocol = TLS
	ssl.provider = null
	ssl.secure.random.implementation = null
	ssl.trustmanager.algorithm = PKIX
	ssl.truststore.location = null
	ssl.truststore.password = null
	ssl.truststore.type = JKS
	value.deserializer = class org.apache.kafka.common.serialization.ByteArrayDeserializer

2018-12-11 13:08:27.971  INFO 22449 --- [main] o.a.kafka.common.utils.AppInfoParser     : Kafka version : 2.0.1
2018-12-11 13:08:27.971  INFO 22449 --- [main] o.a.kafka.common.utils.AppInfoParser     : Kafka commitId : fa14705e51bd2ce5
2018-12-11 13:08:27.972  INFO 22449 --- [main] o.s.s.c.ThreadPoolTaskScheduler          : Initializing ExecutorService
2018-12-11 13:08:27.974  INFO 22449 --- [main] s.i.k.i.KafkaMessageDrivenChannelAdapter : started org.springframework.integration.kafka.inbound.KafkaMessageDrivenChannelAdapter@f8a6243
2018-12-11 13:08:27.980  INFO 22449 --- [[Ljava.lang.String;@70025b99.container-0-C-1] org.apache.kafka.clients.Metadata        : Cluster ID: x6SEuoCYRI-bywenI7mA4Q
2018-12-11 13:08:27.981  INFO 22449 --- [[Ljava.lang.String;@70025b99.container-0-C-1] o.a.k.c.c.internals.AbstractCoordinator  : [Consumer clientId=consumer-3, groupId=profileServersGroup] Discovered group coordinator Lenovo-ideapad-700-15ISK:9092 (id: 2147483647 rack: null)
2018-12-11 13:08:27.981  INFO 22449 --- [main] d.p.ProfileServerApplication             : Started ProfileServerApplication in 1.744 seconds (JVM running for 2.337)
2018-12-11 13:08:27.982  INFO 22449 --- [[Ljava.lang.String;@70025b99.container-0-C-1] o.a.k.c.c.internals.ConsumerCoordinator  : [Consumer clientId=consumer-3, groupId=profileServersGroup] Revoking previously assigned partitions []
2018-12-11 13:08:27.982  INFO 22449 --- [[Ljava.lang.String;@70025b99.container-0-C-1] o.s.c.s.b.k.KafkaMessageChannelBinder$1  : partitions revoked: []
2018-12-11 13:08:27.982  INFO 22449 --- [[Ljava.lang.String;@70025b99.container-0-C-1] o.a.k.c.c.internals.AbstractCoordinator  : [Consumer clientId=consumer-3, groupId=profileServersGroup] (Re-)joining group
2018-12-11 13:08:27.989  INFO 22449 --- [[Ljava.lang.String;@70025b99.container-0-C-1] o.a.k.c.c.internals.AbstractCoordinator  : [Consumer clientId=consumer-3, groupId=profileServersGroup] Successfully joined group with generation 31
2018-12-11 13:08:27.990  INFO 22449 --- [[Ljava.lang.String;@70025b99.container-0-C-1] o.a.k.c.c.internals.ConsumerCoordinator  : [Consumer clientId=consumer-3, groupId=profileServersGroup] Setting newly assigned partitions [userProfileChangeTopic-0]
2018-12-11 13:08:27.996  INFO 22449 --- [[Ljava.lang.String;@70025b99.container-0-C-1] o.s.c.s.b.k.KafkaMessageChannelBinder$1  : partitions assigned: [userProfileChangeTopic-0]
2018-12-11 13:10:36.864  INFO 22449 --- [[Ljava.lang.String;@70025b99.container-0-C-1] o.s.s.c.ThreadPoolTaskScheduler          : Shutting down ExecutorService
2018-12-11 13:10:36.873  INFO 22449 --- [[Ljava.lang.String;@70025b99.container-0-C-1] essageListenerContainer$ListenerConsumer : Consumer stopped
2018-12-11 13:10:36.874  INFO 22449 --- [Thread-1] s.i.k.i.KafkaMessageDrivenChannelAdapter : stopped org.springframework.integration.kafka.inbound.KafkaMessageDrivenChannelAdapter@f8a6243
2018-12-11 13:10:36.874  INFO 22449 --- [Thread-1] o.s.c.stream.binder.BinderErrorChannel   : Channel 'licensingservice.userProfileChangeTopic.profileServersGroup.errors' has 1 subscriber(s).
2018-12-11 13:10:36.875  INFO 22449 --- [Thread-1] o.s.c.stream.binder.BinderErrorChannel   : Channel 'licensingservice.userProfileChangeTopic.profileServersGroup.errors' has 0 subscriber(s).
2018-12-11 13:10:36.875  INFO 22449 --- [Thread-1] o.s.i.endpoint.EventDrivenConsumer       : Removing {logging-channel-adapter:_org.springframework.integration.errorLogger} as a subscriber to the 'errorChannel' channel
2018-12-11 13:10:36.876  INFO 22449 --- [Thread-1] o.s.i.channel.PublishSubscribeChannel    : Channel 'licensingservice.errorChannel' has 0 subscriber(s).
2018-12-11 13:10:36.876  INFO 22449 --- [Thread-1] o.s.i.endpoint.EventDrivenConsumer       : stopped _org.springframework.integration.errorLogger
2018-12-11 13:10:36.877  INFO 22449 --- [Thread-1] o.s.s.c.ThreadPoolTaskScheduler          : Shutting down ExecutorService 'taskScheduler'
2018-12-11 13:10:36.879  INFO 22449 --- [Thread-1] o.s.i.monitor.IntegrationMBeanExporter   : Summary on shutdown: nullChannel
2018-12-11 13:10:36.879  INFO 22449 --- [Thread-1] o.s.i.monitor.IntegrationMBeanExporter   : Summary on shutdown: errorChannel
2018-12-11 13:10:36.879  INFO 22449 --- [Thread-1] o.s.i.monitor.IntegrationMBeanExporter   : Summary on shutdown: input
2018-12-11 13:10:36.879  INFO 22449 --- [Thread-1] o.s.i.monitor.IntegrationMBeanExporter   : Summary on shutdown: userProfileChangeTopic.profileServersGroup.errors
2018-12-11 13:10:36.879  INFO 22449 --- [Thread-1] o.s.i.monitor.IntegrationMBeanExporter   : Summary on shutdown: _org.springframework.integration.errorLogger.handler
2018-12-11 13:10:39.087  INFO 22800 --- [main] d.p.ProfileServerApplication             : Starting ProfileServerApplication on Lenovo-ideapad-700-15ISK with PID 22800 (/home/damian/Studia/Systemy_Rekomendacyjne/cacheHandling/profile-server/target/classes started by damian in /home/damian/Studia/Systemy_Rekomendacyjne/cacheHandling)
2018-12-11 13:10:39.093  INFO 22800 --- [main] d.p.ProfileServerApplication             : No active profile set, falling back to default profiles: default
2018-12-11 13:10:39.613  INFO 22800 --- [main] faultConfiguringBeanFactoryPostProcessor : No bean named 'errorChannel' has been explicitly defined. Therefore, a default PublishSubscribeChannel will be created.
2018-12-11 13:10:39.617  INFO 22800 --- [main] faultConfiguringBeanFactoryPostProcessor : No bean named 'taskScheduler' has been explicitly defined. Therefore, a default ThreadPoolTaskScheduler will be created.
2018-12-11 13:10:39.620  INFO 22800 --- [main] faultConfiguringBeanFactoryPostProcessor : No bean named 'integrationHeaderChannelRegistry' has been explicitly defined. Therefore, a default DefaultHeaderChannelRegistry will be created.
2018-12-11 13:10:39.641  INFO 22800 --- [main] trationDelegate$BeanPostProcessorChecker : Bean 'org.springframework.kafka.annotation.KafkaBootstrapConfiguration' of type [org.springframework.kafka.annotation.KafkaBootstrapConfiguration$$EnhancerBySpringCGLIB$$a96a52ab] is not eligible for getting processed by all BeanPostProcessors (for example: not eligible for auto-proxying)
2018-12-11 13:10:39.660  INFO 22800 --- [main] trationDelegate$BeanPostProcessorChecker : Bean 'integrationDisposableAutoCreatedBeans' of type [org.springframework.integration.config.annotation.Disposables] is not eligible for getting processed by all BeanPostProcessors (for example: not eligible for auto-proxying)
2018-12-11 13:10:39.669  INFO 22800 --- [main] trationDelegate$BeanPostProcessorChecker : Bean 'org.springframework.integration.config.IntegrationManagementConfiguration' of type [org.springframework.integration.config.IntegrationManagementConfiguration$$EnhancerBySpringCGLIB$$40a9fc57] is not eligible for getting processed by all BeanPostProcessors (for example: not eligible for auto-proxying)
2018-12-11 13:10:39.677  INFO 22800 --- [main] trationDelegate$BeanPostProcessorChecker : Bean 'org.springframework.boot.autoconfigure.integration.IntegrationAutoConfiguration$IntegrationJmxConfiguration' of type [org.springframework.boot.autoconfigure.integration.IntegrationAutoConfiguration$IntegrationJmxConfiguration$$EnhancerBySpringCGLIB$$1c3c0777] is not eligible for getting processed by all BeanPostProcessors (for example: not eligible for auto-proxying)
2018-12-11 13:10:39.683  INFO 22800 --- [main] trationDelegate$BeanPostProcessorChecker : Bean 'org.springframework.boot.autoconfigure.jmx.JmxAutoConfiguration' of type [org.springframework.boot.autoconfigure.jmx.JmxAutoConfiguration$$EnhancerBySpringCGLIB$$5523b044] is not eligible for getting processed by all BeanPostProcessors (for example: not eligible for auto-proxying)
2018-12-11 13:10:39.687  INFO 22800 --- [main] trationDelegate$BeanPostProcessorChecker : Bean 'mbeanServer' of type [com.sun.jmx.mbeanserver.JmxMBeanServer] is not eligible for getting processed by all BeanPostProcessors (for example: not eligible for auto-proxying)
2018-12-11 13:10:40.002  INFO 22800 --- [main] o.s.s.c.ThreadPoolTaskScheduler          : Initializing ExecutorService 'taskScheduler'
2018-12-11 13:10:40.092  INFO 22800 --- [main] o.s.i.monitor.IntegrationMBeanExporter   : Registering MessageChannel nullChannel
2018-12-11 13:10:40.105  INFO 22800 --- [main] o.s.i.monitor.IntegrationMBeanExporter   : Registering MessageChannel errorChannel
2018-12-11 13:10:40.138  INFO 22800 --- [main] o.s.i.monitor.IntegrationMBeanExporter   : Registering MessageChannel input
2018-12-11 13:10:40.157  INFO 22800 --- [main] o.s.i.monitor.IntegrationMBeanExporter   : Registering MessageHandler errorLogger
2018-12-11 13:10:40.176  INFO 22800 --- [main] o.s.c.s.m.DirectWithAttributesChannel    : Channel 'licensingservice.input' has 1 subscriber(s).
2018-12-11 13:10:40.179  INFO 22800 --- [main] o.s.i.endpoint.EventDrivenConsumer       : Adding {logging-channel-adapter:_org.springframework.integration.errorLogger} as a subscriber to the 'errorChannel' channel
2018-12-11 13:10:40.179  INFO 22800 --- [main] o.s.i.channel.PublishSubscribeChannel    : Channel 'licensingservice.errorChannel' has 1 subscriber(s).
2018-12-11 13:10:40.179  INFO 22800 --- [main] o.s.i.endpoint.EventDrivenConsumer       : started _org.springframework.integration.errorLogger
2018-12-11 13:10:40.301  INFO 22800 --- [main] o.a.k.clients.admin.AdminClientConfig    : AdminClientConfig values: 
	bootstrap.servers = [localhost:9092]
	client.id = 
	connections.max.idle.ms = 300000
	metadata.max.age.ms = 300000
	metric.reporters = []
	metrics.num.samples = 2
	metrics.recording.level = INFO
	metrics.sample.window.ms = 30000
	receive.buffer.bytes = 65536
	reconnect.backoff.max.ms = 1000
	reconnect.backoff.ms = 50
	request.timeout.ms = 120000
	retries = 5
	retry.backoff.ms = 100
	sasl.client.callback.handler.class = null
	sasl.jaas.config = null
	sasl.kerberos.kinit.cmd = /usr/bin/kinit
	sasl.kerberos.min.time.before.relogin = 60000
	sasl.kerberos.service.name = null
	sasl.kerberos.ticket.renew.jitter = 0.05
	sasl.kerberos.ticket.renew.window.factor = 0.8
	sasl.login.callback.handler.class = null
	sasl.login.class = null
	sasl.login.refresh.buffer.seconds = 300
	sasl.login.refresh.min.period.seconds = 60
	sasl.login.refresh.window.factor = 0.8
	sasl.login.refresh.window.jitter = 0.05
	sasl.mechanism = GSSAPI
	security.protocol = PLAINTEXT
	send.buffer.bytes = 131072
	ssl.cipher.suites = null
	ssl.enabled.protocols = [TLSv1.2, TLSv1.1, TLSv1]
	ssl.endpoint.identification.algorithm = https
	ssl.key.password = null
	ssl.keymanager.algorithm = SunX509
	ssl.keystore.location = null
	ssl.keystore.password = null
	ssl.keystore.type = JKS
	ssl.protocol = TLS
	ssl.provider = null
	ssl.secure.random.implementation = null
	ssl.trustmanager.algorithm = PKIX
	ssl.truststore.location = null
	ssl.truststore.password = null
	ssl.truststore.type = JKS

2018-12-11 13:10:40.320  INFO 22800 --- [main] o.a.kafka.common.utils.AppInfoParser     : Kafka version : 2.0.1
2018-12-11 13:10:40.320  INFO 22800 --- [main] o.a.kafka.common.utils.AppInfoParser     : Kafka commitId : fa14705e51bd2ce5
2018-12-11 13:10:40.418  INFO 22800 --- [main] o.a.k.clients.consumer.ConsumerConfig    : ConsumerConfig values: 
	auto.commit.interval.ms = 100
	auto.offset.reset = earliest
	bootstrap.servers = [localhost:9092]
	check.crcs = true
	client.id = 
	connections.max.idle.ms = 540000
	default.api.timeout.ms = 60000
	enable.auto.commit = false
	exclude.internal.topics = true
	fetch.max.bytes = 52428800
	fetch.max.wait.ms = 500
	fetch.min.bytes = 1
	group.id = profileServersGroup
	heartbeat.interval.ms = 3000
	interceptor.classes = []
	internal.leave.group.on.close = true
	isolation.level = read_uncommitted
	key.deserializer = class org.apache.kafka.common.serialization.ByteArrayDeserializer
	max.partition.fetch.bytes = 1048576
	max.poll.interval.ms = 300000
	max.poll.records = 500
	metadata.max.age.ms = 300000
	metric.reporters = []
	metrics.num.samples = 2
	metrics.recording.level = INFO
	metrics.sample.window.ms = 30000
	partition.assignment.strategy = [class org.apache.kafka.clients.consumer.RangeAssignor]
	receive.buffer.bytes = 65536
	reconnect.backoff.max.ms = 1000
	reconnect.backoff.ms = 50
	request.timeout.ms = 30000
	retry.backoff.ms = 100
	sasl.client.callback.handler.class = null
	sasl.jaas.config = null
	sasl.kerberos.kinit.cmd = /usr/bin/kinit
	sasl.kerberos.min.time.before.relogin = 60000
	sasl.kerberos.service.name = null
	sasl.kerberos.ticket.renew.jitter = 0.05
	sasl.kerberos.ticket.renew.window.factor = 0.8
	sasl.login.callback.handler.class = null
	sasl.login.class = null
	sasl.login.refresh.buffer.seconds = 300
	sasl.login.refresh.min.period.seconds = 60
	sasl.login.refresh.window.factor = 0.8
	sasl.login.refresh.window.jitter = 0.05
	sasl.mechanism = GSSAPI
	security.protocol = PLAINTEXT
	send.buffer.bytes = 131072
	session.timeout.ms = 10000
	ssl.cipher.suites = null
	ssl.enabled.protocols = [TLSv1.2, TLSv1.1, TLSv1]
	ssl.endpoint.identification.algorithm = https
	ssl.key.password = null
	ssl.keymanager.algorithm = SunX509
	ssl.keystore.location = null
	ssl.keystore.password = null
	ssl.keystore.type = JKS
	ssl.protocol = TLS
	ssl.provider = null
	ssl.secure.random.implementation = null
	ssl.trustmanager.algorithm = PKIX
	ssl.truststore.location = null
	ssl.truststore.password = null
	ssl.truststore.type = JKS
	value.deserializer = class org.apache.kafka.common.serialization.ByteArrayDeserializer

2018-12-11 13:10:40.432  INFO 22800 --- [main] o.a.kafka.common.utils.AppInfoParser     : Kafka version : 2.0.1
2018-12-11 13:10:40.433  INFO 22800 --- [main] o.a.kafka.common.utils.AppInfoParser     : Kafka commitId : fa14705e51bd2ce5
2018-12-11 13:10:40.437  INFO 22800 --- [main] org.apache.kafka.clients.Metadata        : Cluster ID: x6SEuoCYRI-bywenI7mA4Q
2018-12-11 13:10:40.450  INFO 22800 --- [main] o.s.i.monitor.IntegrationMBeanExporter   : Registering MessageChannel userProfileChangeTopic.profileServersGroup.errors
2018-12-11 13:10:40.486  INFO 22800 --- [main] o.s.c.stream.binder.BinderErrorChannel   : Channel 'licensingservice.userProfileChangeTopic.profileServersGroup.errors' has 1 subscriber(s).
2018-12-11 13:10:40.487  INFO 22800 --- [main] o.s.c.stream.binder.BinderErrorChannel   : Channel 'licensingservice.userProfileChangeTopic.profileServersGroup.errors' has 0 subscriber(s).
2018-12-11 13:10:40.487  INFO 22800 --- [main] o.s.c.stream.binder.BinderErrorChannel   : Channel 'licensingservice.userProfileChangeTopic.profileServersGroup.errors' has 1 subscriber(s).
2018-12-11 13:10:40.487  INFO 22800 --- [main] o.s.c.stream.binder.BinderErrorChannel   : Channel 'licensingservice.userProfileChangeTopic.profileServersGroup.errors' has 2 subscriber(s).
2018-12-11 13:10:40.492  INFO 22800 --- [main] o.a.k.clients.consumer.ConsumerConfig    : ConsumerConfig values: 
	auto.commit.interval.ms = 100
	auto.offset.reset = earliest
	bootstrap.servers = [localhost:9092]
	check.crcs = true
	client.id = 
	connections.max.idle.ms = 540000
	default.api.timeout.ms = 60000
	enable.auto.commit = false
	exclude.internal.topics = true
	fetch.max.bytes = 52428800
	fetch.max.wait.ms = 500
	fetch.min.bytes = 1
	group.id = profileServersGroup
	heartbeat.interval.ms = 3000
	interceptor.classes = []
	internal.leave.group.on.close = true
	isolation.level = read_uncommitted
	key.deserializer = class org.apache.kafka.common.serialization.ByteArrayDeserializer
	max.partition.fetch.bytes = 1048576
	max.poll.interval.ms = 300000
	max.poll.records = 500
	metadata.max.age.ms = 300000
	metric.reporters = []
	metrics.num.samples = 2
	metrics.recording.level = INFO
	metrics.sample.window.ms = 30000
	partition.assignment.strategy = [class org.apache.kafka.clients.consumer.RangeAssignor]
	receive.buffer.bytes = 65536
	reconnect.backoff.max.ms = 1000
	reconnect.backoff.ms = 50
	request.timeout.ms = 30000
	retry.backoff.ms = 100
	sasl.client.callback.handler.class = null
	sasl.jaas.config = null
	sasl.kerberos.kinit.cmd = /usr/bin/kinit
	sasl.kerberos.min.time.before.relogin = 60000
	sasl.kerberos.service.name = null
	sasl.kerberos.ticket.renew.jitter = 0.05
	sasl.kerberos.ticket.renew.window.factor = 0.8
	sasl.login.callback.handler.class = null
	sasl.login.class = null
	sasl.login.refresh.buffer.seconds = 300
	sasl.login.refresh.min.period.seconds = 60
	sasl.login.refresh.window.factor = 0.8
	sasl.login.refresh.window.jitter = 0.05
	sasl.mechanism = GSSAPI
	security.protocol = PLAINTEXT
	send.buffer.bytes = 131072
	session.timeout.ms = 10000
	ssl.cipher.suites = null
	ssl.enabled.protocols = [TLSv1.2, TLSv1.1, TLSv1]
	ssl.endpoint.identification.algorithm = https
	ssl.key.password = null
	ssl.keymanager.algorithm = SunX509
	ssl.keystore.location = null
	ssl.keystore.password = null
	ssl.keystore.type = JKS
	ssl.protocol = TLS
	ssl.provider = null
	ssl.secure.random.implementation = null
	ssl.trustmanager.algorithm = PKIX
	ssl.truststore.location = null
	ssl.truststore.password = null
	ssl.truststore.type = JKS
	value.deserializer = class org.apache.kafka.common.serialization.ByteArrayDeserializer

2018-12-11 13:10:40.495  INFO 22800 --- [main] o.a.kafka.common.utils.AppInfoParser     : Kafka version : 2.0.1
2018-12-11 13:10:40.495  INFO 22800 --- [main] o.a.kafka.common.utils.AppInfoParser     : Kafka commitId : fa14705e51bd2ce5
2018-12-11 13:10:40.497  INFO 22800 --- [main] org.apache.kafka.clients.Metadata        : Cluster ID: x6SEuoCYRI-bywenI7mA4Q
2018-12-11 13:10:40.502  INFO 22800 --- [main] o.a.k.clients.consumer.ConsumerConfig    : ConsumerConfig values: 
	auto.commit.interval.ms = 100
	auto.offset.reset = earliest
	bootstrap.servers = [localhost:9092]
	check.crcs = true
	client.id = 
	connections.max.idle.ms = 540000
	default.api.timeout.ms = 60000
	enable.auto.commit = false
	exclude.internal.topics = true
	fetch.max.bytes = 52428800
	fetch.max.wait.ms = 500
	fetch.min.bytes = 1
	group.id = profileServersGroup
	heartbeat.interval.ms = 3000
	interceptor.classes = []
	internal.leave.group.on.close = true
	isolation.level = read_uncommitted
	key.deserializer = class org.apache.kafka.common.serialization.ByteArrayDeserializer
	max.partition.fetch.bytes = 1048576
	max.poll.interval.ms = 300000
	max.poll.records = 500
	metadata.max.age.ms = 300000
	metric.reporters = []
	metrics.num.samples = 2
	metrics.recording.level = INFO
	metrics.sample.window.ms = 30000
	partition.assignment.strategy = [class org.apache.kafka.clients.consumer.RangeAssignor]
	receive.buffer.bytes = 65536
	reconnect.backoff.max.ms = 1000
	reconnect.backoff.ms = 50
	request.timeout.ms = 30000
	retry.backoff.ms = 100
	sasl.client.callback.handler.class = null
	sasl.jaas.config = null
	sasl.kerberos.kinit.cmd = /usr/bin/kinit
	sasl.kerberos.min.time.before.relogin = 60000
	sasl.kerberos.service.name = null
	sasl.kerberos.ticket.renew.jitter = 0.05
	sasl.kerberos.ticket.renew.window.factor = 0.8
	sasl.login.callback.handler.class = null
	sasl.login.class = null
	sasl.login.refresh.buffer.seconds = 300
	sasl.login.refresh.min.period.seconds = 60
	sasl.login.refresh.window.factor = 0.8
	sasl.login.refresh.window.jitter = 0.05
	sasl.mechanism = GSSAPI
	security.protocol = PLAINTEXT
	send.buffer.bytes = 131072
	session.timeout.ms = 10000
	ssl.cipher.suites = null
	ssl.enabled.protocols = [TLSv1.2, TLSv1.1, TLSv1]
	ssl.endpoint.identification.algorithm = https
	ssl.key.password = null
	ssl.keymanager.algorithm = SunX509
	ssl.keystore.location = null
	ssl.keystore.password = null
	ssl.keystore.type = JKS
	ssl.protocol = TLS
	ssl.provider = null
	ssl.secure.random.implementation = null
	ssl.trustmanager.algorithm = PKIX
	ssl.truststore.location = null
	ssl.truststore.password = null
	ssl.truststore.type = JKS
	value.deserializer = class org.apache.kafka.common.serialization.ByteArrayDeserializer

2018-12-11 13:10:40.506  INFO 22800 --- [main] o.a.kafka.common.utils.AppInfoParser     : Kafka version : 2.0.1
2018-12-11 13:10:40.506  INFO 22800 --- [main] o.a.kafka.common.utils.AppInfoParser     : Kafka commitId : fa14705e51bd2ce5
2018-12-11 13:10:40.508  INFO 22800 --- [main] o.s.s.c.ThreadPoolTaskScheduler          : Initializing ExecutorService
2018-12-11 13:10:40.515  INFO 22800 --- [main] s.i.k.i.KafkaMessageDrivenChannelAdapter : started org.springframework.integration.kafka.inbound.KafkaMessageDrivenChannelAdapter@78d71df1
2018-12-11 13:10:40.520  INFO 22800 --- [[Ljava.lang.String;@1a256d80.container-0-C-1] org.apache.kafka.clients.Metadata        : Cluster ID: x6SEuoCYRI-bywenI7mA4Q
2018-12-11 13:10:40.521  INFO 22800 --- [[Ljava.lang.String;@1a256d80.container-0-C-1] o.a.k.c.c.internals.AbstractCoordinator  : [Consumer clientId=consumer-3, groupId=profileServersGroup] Discovered group coordinator Lenovo-ideapad-700-15ISK:9092 (id: 2147483647 rack: null)
2018-12-11 13:10:40.528  INFO 22800 --- [main] d.p.ProfileServerApplication             : Started ProfileServerApplication in 1.739 seconds (JVM running for 2.421)
2018-12-11 13:10:40.528  INFO 22800 --- [[Ljava.lang.String;@1a256d80.container-0-C-1] o.a.k.c.c.internals.ConsumerCoordinator  : [Consumer clientId=consumer-3, groupId=profileServersGroup] Revoking previously assigned partitions []
2018-12-11 13:10:40.528  INFO 22800 --- [[Ljava.lang.String;@1a256d80.container-0-C-1] o.s.c.s.b.k.KafkaMessageChannelBinder$1  : partitions revoked: []
2018-12-11 13:10:40.528  INFO 22800 --- [[Ljava.lang.String;@1a256d80.container-0-C-1] o.a.k.c.c.internals.AbstractCoordinator  : [Consumer clientId=consumer-3, groupId=profileServersGroup] (Re-)joining group
2018-12-11 13:10:40.538  INFO 22800 --- [[Ljava.lang.String;@1a256d80.container-0-C-1] o.a.k.c.c.internals.AbstractCoordinator  : [Consumer clientId=consumer-3, groupId=profileServersGroup] Successfully joined group with generation 33
2018-12-11 13:10:40.539  INFO 22800 --- [[Ljava.lang.String;@1a256d80.container-0-C-1] o.a.k.c.c.internals.ConsumerCoordinator  : [Consumer clientId=consumer-3, groupId=profileServersGroup] Setting newly assigned partitions [userProfileChangeTopic-0]
2018-12-11 13:10:40.549  INFO 22800 --- [[Ljava.lang.String;@1a256d80.container-0-C-1] o.s.c.s.b.k.KafkaMessageChannelBinder$1  : partitions assigned: [userProfileChangeTopic-0]
2018-12-11 13:12:15.444  INFO 22800 --- [[Ljava.lang.String;@1a256d80.container-0-C-1] o.s.s.c.ThreadPoolTaskScheduler          : Shutting down ExecutorService
2018-12-11 13:12:15.446  INFO 22800 --- [[Ljava.lang.String;@1a256d80.container-0-C-1] essageListenerContainer$ListenerConsumer : Consumer stopped
2018-12-11 13:12:15.448  INFO 22800 --- [Thread-1] s.i.k.i.KafkaMessageDrivenChannelAdapter : stopped org.springframework.integration.kafka.inbound.KafkaMessageDrivenChannelAdapter@78d71df1
2018-12-11 13:12:15.448  INFO 22800 --- [Thread-1] o.s.c.stream.binder.BinderErrorChannel   : Channel 'licensingservice.userProfileChangeTopic.profileServersGroup.errors' has 1 subscriber(s).
2018-12-11 13:12:15.448  INFO 22800 --- [Thread-1] o.s.c.stream.binder.BinderErrorChannel   : Channel 'licensingservice.userProfileChangeTopic.profileServersGroup.errors' has 0 subscriber(s).
2018-12-11 13:12:15.448  INFO 22800 --- [Thread-1] o.s.i.endpoint.EventDrivenConsumer       : Removing {logging-channel-adapter:_org.springframework.integration.errorLogger} as a subscriber to the 'errorChannel' channel
2018-12-11 13:12:15.449  INFO 22800 --- [Thread-1] o.s.i.channel.PublishSubscribeChannel    : Channel 'licensingservice.errorChannel' has 0 subscriber(s).
2018-12-11 13:12:15.449  INFO 22800 --- [Thread-1] o.s.i.endpoint.EventDrivenConsumer       : stopped _org.springframework.integration.errorLogger
2018-12-11 13:12:15.450  INFO 22800 --- [Thread-1] o.s.s.c.ThreadPoolTaskScheduler          : Shutting down ExecutorService 'taskScheduler'
2018-12-11 13:12:15.451  INFO 22800 --- [Thread-1] o.s.i.monitor.IntegrationMBeanExporter   : Summary on shutdown: nullChannel
2018-12-11 13:12:15.452  INFO 22800 --- [Thread-1] o.s.i.monitor.IntegrationMBeanExporter   : Summary on shutdown: userProfileChangeTopic.profileServersGroup.errors
2018-12-11 13:12:15.452  INFO 22800 --- [Thread-1] o.s.i.monitor.IntegrationMBeanExporter   : Summary on shutdown: errorChannel
2018-12-11 13:12:15.452  INFO 22800 --- [Thread-1] o.s.i.monitor.IntegrationMBeanExporter   : Summary on shutdown: input
2018-12-11 13:12:15.452  INFO 22800 --- [Thread-1] o.s.i.monitor.IntegrationMBeanExporter   : Summary on shutdown: _org.springframework.integration.errorLogger.handler
