2018-12-11 13:12:17.713  INFO 23276 --- [main] d.p.ProfileServerApplication             : Starting ProfileServerApplication on Lenovo-ideapad-700-15ISK with PID 23276 (/home/damian/Studia/Systemy_Rekomendacyjne/cacheHandling/profile-server/target/classes started by damian in /home/damian/Studia/Systemy_Rekomendacyjne/cacheHandling)
2018-12-11 13:12:17.716  INFO 23276 --- [main] d.p.ProfileServerApplication             : No active profile set, falling back to default profiles: default
2018-12-11 13:12:18.240  INFO 23276 --- [main] faultConfiguringBeanFactoryPostProcessor : No bean named 'errorChannel' has been explicitly defined. Therefore, a default PublishSubscribeChannel will be created.
2018-12-11 13:12:18.243  INFO 23276 --- [main] faultConfiguringBeanFactoryPostProcessor : No bean named 'taskScheduler' has been explicitly defined. Therefore, a default ThreadPoolTaskScheduler will be created.
2018-12-11 13:12:18.247  INFO 23276 --- [main] faultConfiguringBeanFactoryPostProcessor : No bean named 'integrationHeaderChannelRegistry' has been explicitly defined. Therefore, a default DefaultHeaderChannelRegistry will be created.
2018-12-11 13:12:18.266  INFO 23276 --- [main] trationDelegate$BeanPostProcessorChecker : Bean 'org.springframework.kafka.annotation.KafkaBootstrapConfiguration' of type [org.springframework.kafka.annotation.KafkaBootstrapConfiguration$$EnhancerBySpringCGLIB$$fd90cc0a] is not eligible for getting processed by all BeanPostProcessors (for example: not eligible for auto-proxying)
2018-12-11 13:12:18.287  INFO 23276 --- [main] trationDelegate$BeanPostProcessorChecker : Bean 'integrationDisposableAutoCreatedBeans' of type [org.springframework.integration.config.annotation.Disposables] is not eligible for getting processed by all BeanPostProcessors (for example: not eligible for auto-proxying)
2018-12-11 13:12:18.295  INFO 23276 --- [main] trationDelegate$BeanPostProcessorChecker : Bean 'org.springframework.integration.config.IntegrationManagementConfiguration' of type [org.springframework.integration.config.IntegrationManagementConfiguration$$EnhancerBySpringCGLIB$$94d075b6] is not eligible for getting processed by all BeanPostProcessors (for example: not eligible for auto-proxying)
2018-12-11 13:12:18.303  INFO 23276 --- [main] trationDelegate$BeanPostProcessorChecker : Bean 'org.springframework.boot.autoconfigure.integration.IntegrationAutoConfiguration$IntegrationJmxConfiguration' of type [org.springframework.boot.autoconfigure.integration.IntegrationAutoConfiguration$IntegrationJmxConfiguration$$EnhancerBySpringCGLIB$$706280d6] is not eligible for getting processed by all BeanPostProcessors (for example: not eligible for auto-proxying)
2018-12-11 13:12:18.309  INFO 23276 --- [main] trationDelegate$BeanPostProcessorChecker : Bean 'org.springframework.boot.autoconfigure.jmx.JmxAutoConfiguration' of type [org.springframework.boot.autoconfigure.jmx.JmxAutoConfiguration$$EnhancerBySpringCGLIB$$a94a29a3] is not eligible for getting processed by all BeanPostProcessors (for example: not eligible for auto-proxying)
2018-12-11 13:12:18.312  INFO 23276 --- [main] trationDelegate$BeanPostProcessorChecker : Bean 'mbeanServer' of type [com.sun.jmx.mbeanserver.JmxMBeanServer] is not eligible for getting processed by all BeanPostProcessors (for example: not eligible for auto-proxying)
2018-12-11 13:12:18.627  INFO 23276 --- [main] o.s.s.c.ThreadPoolTaskScheduler          : Initializing ExecutorService 'taskScheduler'
2018-12-11 13:12:18.718  INFO 23276 --- [main] o.s.i.monitor.IntegrationMBeanExporter   : Registering MessageChannel input
2018-12-11 13:12:18.754  INFO 23276 --- [main] o.s.i.monitor.IntegrationMBeanExporter   : Registering MessageChannel errorChannel
2018-12-11 13:12:18.773  INFO 23276 --- [main] o.s.i.monitor.IntegrationMBeanExporter   : Registering MessageChannel nullChannel
2018-12-11 13:12:18.785  INFO 23276 --- [main] o.s.i.monitor.IntegrationMBeanExporter   : Registering MessageHandler errorLogger
2018-12-11 13:12:18.804  INFO 23276 --- [main] o.s.c.s.m.DirectWithAttributesChannel    : Channel 'licensingservice.input' has 1 subscriber(s).
2018-12-11 13:12:18.807  INFO 23276 --- [main] o.s.i.endpoint.EventDrivenConsumer       : Adding {logging-channel-adapter:_org.springframework.integration.errorLogger} as a subscriber to the 'errorChannel' channel
2018-12-11 13:12:18.807  INFO 23276 --- [main] o.s.i.channel.PublishSubscribeChannel    : Channel 'licensingservice.errorChannel' has 1 subscriber(s).
2018-12-11 13:12:18.807  INFO 23276 --- [main] o.s.i.endpoint.EventDrivenConsumer       : started _org.springframework.integration.errorLogger
2018-12-11 13:12:18.933  INFO 23276 --- [main] o.a.k.clients.admin.AdminClientConfig    : AdminClientConfig values: 
	bootstrap.servers = [localhost:9092]
	client.id = 
	connections.max.idle.ms = 300000
	metadata.max.age.ms = 300000
	metric.reporters = []
	metrics.num.samples = 2
	metrics.recording.level = INFO
	metrics.sample.window.ms = 30000
	receive.buffer.bytes = 65536
	reconnect.backoff.max.ms = 1000
	reconnect.backoff.ms = 50
	request.timeout.ms = 120000
	retries = 5
	retry.backoff.ms = 100
	sasl.client.callback.handler.class = null
	sasl.jaas.config = null
	sasl.kerberos.kinit.cmd = /usr/bin/kinit
	sasl.kerberos.min.time.before.relogin = 60000
	sasl.kerberos.service.name = null
	sasl.kerberos.ticket.renew.jitter = 0.05
	sasl.kerberos.ticket.renew.window.factor = 0.8
	sasl.login.callback.handler.class = null
	sasl.login.class = null
	sasl.login.refresh.buffer.seconds = 300
	sasl.login.refresh.min.period.seconds = 60
	sasl.login.refresh.window.factor = 0.8
	sasl.login.refresh.window.jitter = 0.05
	sasl.mechanism = GSSAPI
	security.protocol = PLAINTEXT
	send.buffer.bytes = 131072
	ssl.cipher.suites = null
	ssl.enabled.protocols = [TLSv1.2, TLSv1.1, TLSv1]
	ssl.endpoint.identification.algorithm = https
	ssl.key.password = null
	ssl.keymanager.algorithm = SunX509
	ssl.keystore.location = null
	ssl.keystore.password = null
	ssl.keystore.type = JKS
	ssl.protocol = TLS
	ssl.provider = null
	ssl.secure.random.implementation = null
	ssl.trustmanager.algorithm = PKIX
	ssl.truststore.location = null
	ssl.truststore.password = null
	ssl.truststore.type = JKS

2018-12-11 13:12:18.951  INFO 23276 --- [main] o.a.kafka.common.utils.AppInfoParser     : Kafka version : 2.0.1
2018-12-11 13:12:18.951  INFO 23276 --- [main] o.a.kafka.common.utils.AppInfoParser     : Kafka commitId : fa14705e51bd2ce5
2018-12-11 13:12:19.051  INFO 23276 --- [main] o.a.k.clients.consumer.ConsumerConfig    : ConsumerConfig values: 
	auto.commit.interval.ms = 100
	auto.offset.reset = earliest
	bootstrap.servers = [localhost:9092]
	check.crcs = true
	client.id = 
	connections.max.idle.ms = 540000
	default.api.timeout.ms = 60000
	enable.auto.commit = false
	exclude.internal.topics = true
	fetch.max.bytes = 52428800
	fetch.max.wait.ms = 500
	fetch.min.bytes = 1
	group.id = profileServersGroup
	heartbeat.interval.ms = 3000
	interceptor.classes = []
	internal.leave.group.on.close = true
	isolation.level = read_uncommitted
	key.deserializer = class org.apache.kafka.common.serialization.ByteArrayDeserializer
	max.partition.fetch.bytes = 1048576
	max.poll.interval.ms = 300000
	max.poll.records = 500
	metadata.max.age.ms = 300000
	metric.reporters = []
	metrics.num.samples = 2
	metrics.recording.level = INFO
	metrics.sample.window.ms = 30000
	partition.assignment.strategy = [class org.apache.kafka.clients.consumer.RangeAssignor]
	receive.buffer.bytes = 65536
	reconnect.backoff.max.ms = 1000
	reconnect.backoff.ms = 50
	request.timeout.ms = 30000
	retry.backoff.ms = 100
	sasl.client.callback.handler.class = null
	sasl.jaas.config = null
	sasl.kerberos.kinit.cmd = /usr/bin/kinit
	sasl.kerberos.min.time.before.relogin = 60000
	sasl.kerberos.service.name = null
	sasl.kerberos.ticket.renew.jitter = 0.05
	sasl.kerberos.ticket.renew.window.factor = 0.8
	sasl.login.callback.handler.class = null
	sasl.login.class = null
	sasl.login.refresh.buffer.seconds = 300
	sasl.login.refresh.min.period.seconds = 60
	sasl.login.refresh.window.factor = 0.8
	sasl.login.refresh.window.jitter = 0.05
	sasl.mechanism = GSSAPI
	security.protocol = PLAINTEXT
	send.buffer.bytes = 131072
	session.timeout.ms = 10000
	ssl.cipher.suites = null
	ssl.enabled.protocols = [TLSv1.2, TLSv1.1, TLSv1]
	ssl.endpoint.identification.algorithm = https
	ssl.key.password = null
	ssl.keymanager.algorithm = SunX509
	ssl.keystore.location = null
	ssl.keystore.password = null
	ssl.keystore.type = JKS
	ssl.protocol = TLS
	ssl.provider = null
	ssl.secure.random.implementation = null
	ssl.trustmanager.algorithm = PKIX
	ssl.truststore.location = null
	ssl.truststore.password = null
	ssl.truststore.type = JKS
	value.deserializer = class org.apache.kafka.common.serialization.ByteArrayDeserializer

2018-12-11 13:12:19.065  INFO 23276 --- [main] o.a.kafka.common.utils.AppInfoParser     : Kafka version : 2.0.1
2018-12-11 13:12:19.065  INFO 23276 --- [main] o.a.kafka.common.utils.AppInfoParser     : Kafka commitId : fa14705e51bd2ce5
2018-12-11 13:12:19.069  INFO 23276 --- [main] org.apache.kafka.clients.Metadata        : Cluster ID: x6SEuoCYRI-bywenI7mA4Q
2018-12-11 13:12:19.083  INFO 23276 --- [main] o.s.i.monitor.IntegrationMBeanExporter   : Registering MessageChannel userProfileChangeTopic.profileServersGroup.errors
2018-12-11 13:12:19.119  INFO 23276 --- [main] o.s.c.stream.binder.BinderErrorChannel   : Channel 'licensingservice.userProfileChangeTopic.profileServersGroup.errors' has 1 subscriber(s).
2018-12-11 13:12:19.120  INFO 23276 --- [main] o.s.c.stream.binder.BinderErrorChannel   : Channel 'licensingservice.userProfileChangeTopic.profileServersGroup.errors' has 0 subscriber(s).
2018-12-11 13:12:19.120  INFO 23276 --- [main] o.s.c.stream.binder.BinderErrorChannel   : Channel 'licensingservice.userProfileChangeTopic.profileServersGroup.errors' has 1 subscriber(s).
2018-12-11 13:12:19.120  INFO 23276 --- [main] o.s.c.stream.binder.BinderErrorChannel   : Channel 'licensingservice.userProfileChangeTopic.profileServersGroup.errors' has 2 subscriber(s).
2018-12-11 13:12:19.125  INFO 23276 --- [main] o.a.k.clients.consumer.ConsumerConfig    : ConsumerConfig values: 
	auto.commit.interval.ms = 100
	auto.offset.reset = earliest
	bootstrap.servers = [localhost:9092]
	check.crcs = true
	client.id = 
	connections.max.idle.ms = 540000
	default.api.timeout.ms = 60000
	enable.auto.commit = false
	exclude.internal.topics = true
	fetch.max.bytes = 52428800
	fetch.max.wait.ms = 500
	fetch.min.bytes = 1
	group.id = profileServersGroup
	heartbeat.interval.ms = 3000
	interceptor.classes = []
	internal.leave.group.on.close = true
	isolation.level = read_uncommitted
	key.deserializer = class org.apache.kafka.common.serialization.ByteArrayDeserializer
	max.partition.fetch.bytes = 1048576
	max.poll.interval.ms = 300000
	max.poll.records = 500
	metadata.max.age.ms = 300000
	metric.reporters = []
	metrics.num.samples = 2
	metrics.recording.level = INFO
	metrics.sample.window.ms = 30000
	partition.assignment.strategy = [class org.apache.kafka.clients.consumer.RangeAssignor]
	receive.buffer.bytes = 65536
	reconnect.backoff.max.ms = 1000
	reconnect.backoff.ms = 50
	request.timeout.ms = 30000
	retry.backoff.ms = 100
	sasl.client.callback.handler.class = null
	sasl.jaas.config = null
	sasl.kerberos.kinit.cmd = /usr/bin/kinit
	sasl.kerberos.min.time.before.relogin = 60000
	sasl.kerberos.service.name = null
	sasl.kerberos.ticket.renew.jitter = 0.05
	sasl.kerberos.ticket.renew.window.factor = 0.8
	sasl.login.callback.handler.class = null
	sasl.login.class = null
	sasl.login.refresh.buffer.seconds = 300
	sasl.login.refresh.min.period.seconds = 60
	sasl.login.refresh.window.factor = 0.8
	sasl.login.refresh.window.jitter = 0.05
	sasl.mechanism = GSSAPI
	security.protocol = PLAINTEXT
	send.buffer.bytes = 131072
	session.timeout.ms = 10000
	ssl.cipher.suites = null
	ssl.enabled.protocols = [TLSv1.2, TLSv1.1, TLSv1]
	ssl.endpoint.identification.algorithm = https
	ssl.key.password = null
	ssl.keymanager.algorithm = SunX509
	ssl.keystore.location = null
	ssl.keystore.password = null
	ssl.keystore.type = JKS
	ssl.protocol = TLS
	ssl.provider = null
	ssl.secure.random.implementation = null
	ssl.trustmanager.algorithm = PKIX
	ssl.truststore.location = null
	ssl.truststore.password = null
	ssl.truststore.type = JKS
	value.deserializer = class org.apache.kafka.common.serialization.ByteArrayDeserializer

2018-12-11 13:12:19.128  INFO 23276 --- [main] o.a.kafka.common.utils.AppInfoParser     : Kafka version : 2.0.1
2018-12-11 13:12:19.128  INFO 23276 --- [main] o.a.kafka.common.utils.AppInfoParser     : Kafka commitId : fa14705e51bd2ce5
2018-12-11 13:12:19.131  INFO 23276 --- [main] org.apache.kafka.clients.Metadata        : Cluster ID: x6SEuoCYRI-bywenI7mA4Q
2018-12-11 13:12:19.136  INFO 23276 --- [main] o.a.k.clients.consumer.ConsumerConfig    : ConsumerConfig values: 
	auto.commit.interval.ms = 100
	auto.offset.reset = earliest
	bootstrap.servers = [localhost:9092]
	check.crcs = true
	client.id = 
	connections.max.idle.ms = 540000
	default.api.timeout.ms = 60000
	enable.auto.commit = false
	exclude.internal.topics = true
	fetch.max.bytes = 52428800
	fetch.max.wait.ms = 500
	fetch.min.bytes = 1
	group.id = profileServersGroup
	heartbeat.interval.ms = 3000
	interceptor.classes = []
	internal.leave.group.on.close = true
	isolation.level = read_uncommitted
	key.deserializer = class org.apache.kafka.common.serialization.ByteArrayDeserializer
	max.partition.fetch.bytes = 1048576
	max.poll.interval.ms = 300000
	max.poll.records = 500
	metadata.max.age.ms = 300000
	metric.reporters = []
	metrics.num.samples = 2
	metrics.recording.level = INFO
	metrics.sample.window.ms = 30000
	partition.assignment.strategy = [class org.apache.kafka.clients.consumer.RangeAssignor]
	receive.buffer.bytes = 65536
	reconnect.backoff.max.ms = 1000
	reconnect.backoff.ms = 50
	request.timeout.ms = 30000
	retry.backoff.ms = 100
	sasl.client.callback.handler.class = null
	sasl.jaas.config = null
	sasl.kerberos.kinit.cmd = /usr/bin/kinit
	sasl.kerberos.min.time.before.relogin = 60000
	sasl.kerberos.service.name = null
	sasl.kerberos.ticket.renew.jitter = 0.05
	sasl.kerberos.ticket.renew.window.factor = 0.8
	sasl.login.callback.handler.class = null
	sasl.login.class = null
	sasl.login.refresh.buffer.seconds = 300
	sasl.login.refresh.min.period.seconds = 60
	sasl.login.refresh.window.factor = 0.8
	sasl.login.refresh.window.jitter = 0.05
	sasl.mechanism = GSSAPI
	security.protocol = PLAINTEXT
	send.buffer.bytes = 131072
	session.timeout.ms = 10000
	ssl.cipher.suites = null
	ssl.enabled.protocols = [TLSv1.2, TLSv1.1, TLSv1]
	ssl.endpoint.identification.algorithm = https
	ssl.key.password = null
	ssl.keymanager.algorithm = SunX509
	ssl.keystore.location = null
	ssl.keystore.password = null
	ssl.keystore.type = JKS
	ssl.protocol = TLS
	ssl.provider = null
	ssl.secure.random.implementation = null
	ssl.trustmanager.algorithm = PKIX
	ssl.truststore.location = null
	ssl.truststore.password = null
	ssl.truststore.type = JKS
	value.deserializer = class org.apache.kafka.common.serialization.ByteArrayDeserializer

2018-12-11 13:12:19.139  INFO 23276 --- [main] o.a.kafka.common.utils.AppInfoParser     : Kafka version : 2.0.1
2018-12-11 13:12:19.139  INFO 23276 --- [main] o.a.kafka.common.utils.AppInfoParser     : Kafka commitId : fa14705e51bd2ce5
2018-12-11 13:12:19.140  INFO 23276 --- [main] o.s.s.c.ThreadPoolTaskScheduler          : Initializing ExecutorService
2018-12-11 13:12:19.144  INFO 23276 --- [main] s.i.k.i.KafkaMessageDrivenChannelAdapter : started org.springframework.integration.kafka.inbound.KafkaMessageDrivenChannelAdapter@2eda072
2018-12-11 13:12:19.150  INFO 23276 --- [main] d.p.ProfileServerApplication             : Started ProfileServerApplication in 1.793 seconds (JVM running for 2.44)
2018-12-11 13:12:19.152  INFO 23276 --- [[Ljava.lang.String;@66a5755.container-0-C-1] org.apache.kafka.clients.Metadata        : Cluster ID: x6SEuoCYRI-bywenI7mA4Q
2018-12-11 13:12:19.153  INFO 23276 --- [[Ljava.lang.String;@66a5755.container-0-C-1] o.a.k.c.c.internals.AbstractCoordinator  : [Consumer clientId=consumer-3, groupId=profileServersGroup] Discovered group coordinator Lenovo-ideapad-700-15ISK:9092 (id: 2147483647 rack: null)
2018-12-11 13:12:19.154  INFO 23276 --- [[Ljava.lang.String;@66a5755.container-0-C-1] o.a.k.c.c.internals.ConsumerCoordinator  : [Consumer clientId=consumer-3, groupId=profileServersGroup] Revoking previously assigned partitions []
2018-12-11 13:12:19.154  INFO 23276 --- [[Ljava.lang.String;@66a5755.container-0-C-1] o.s.c.s.b.k.KafkaMessageChannelBinder$1  : partitions revoked: []
2018-12-11 13:12:19.154  INFO 23276 --- [[Ljava.lang.String;@66a5755.container-0-C-1] o.a.k.c.c.internals.AbstractCoordinator  : [Consumer clientId=consumer-3, groupId=profileServersGroup] (Re-)joining group
2018-12-11 13:12:19.163  INFO 23276 --- [[Ljava.lang.String;@66a5755.container-0-C-1] o.a.k.c.c.internals.AbstractCoordinator  : [Consumer clientId=consumer-3, groupId=profileServersGroup] Successfully joined group with generation 35
2018-12-11 13:12:19.164  INFO 23276 --- [[Ljava.lang.String;@66a5755.container-0-C-1] o.a.k.c.c.internals.ConsumerCoordinator  : [Consumer clientId=consumer-3, groupId=profileServersGroup] Setting newly assigned partitions [userProfileChangeTopic-0]
2018-12-11 13:12:19.170  INFO 23276 --- [[Ljava.lang.String;@66a5755.container-0-C-1] o.s.c.s.b.k.KafkaMessageChannelBinder$1  : partitions assigned: [userProfileChangeTopic-0]
2018-12-11 13:12:40.191  INFO 23276 --- [[Ljava.lang.String;@66a5755.container-0-C-1] o.s.s.c.ThreadPoolTaskScheduler          : Shutting down ExecutorService
2018-12-11 13:12:40.194  INFO 23276 --- [[Ljava.lang.String;@66a5755.container-0-C-1] essageListenerContainer$ListenerConsumer : Consumer stopped
2018-12-11 13:12:40.195  INFO 23276 --- [Thread-1] s.i.k.i.KafkaMessageDrivenChannelAdapter : stopped org.springframework.integration.kafka.inbound.KafkaMessageDrivenChannelAdapter@2eda072
2018-12-11 13:12:40.196  INFO 23276 --- [Thread-1] o.s.c.stream.binder.BinderErrorChannel   : Channel 'licensingservice.userProfileChangeTopic.profileServersGroup.errors' has 1 subscriber(s).
2018-12-11 13:12:40.196  INFO 23276 --- [Thread-1] o.s.c.stream.binder.BinderErrorChannel   : Channel 'licensingservice.userProfileChangeTopic.profileServersGroup.errors' has 0 subscriber(s).
2018-12-11 13:12:40.196  INFO 23276 --- [Thread-1] o.s.i.endpoint.EventDrivenConsumer       : Removing {logging-channel-adapter:_org.springframework.integration.errorLogger} as a subscriber to the 'errorChannel' channel
2018-12-11 13:12:40.196  INFO 23276 --- [Thread-1] o.s.i.channel.PublishSubscribeChannel    : Channel 'licensingservice.errorChannel' has 0 subscriber(s).
2018-12-11 13:12:40.197  INFO 23276 --- [Thread-1] o.s.i.endpoint.EventDrivenConsumer       : stopped _org.springframework.integration.errorLogger
2018-12-11 13:12:40.197  INFO 23276 --- [Thread-1] o.s.s.c.ThreadPoolTaskScheduler          : Shutting down ExecutorService 'taskScheduler'
2018-12-11 13:12:40.199  INFO 23276 --- [Thread-1] o.s.i.monitor.IntegrationMBeanExporter   : Summary on shutdown: input
2018-12-11 13:12:40.199  INFO 23276 --- [Thread-1] o.s.i.monitor.IntegrationMBeanExporter   : Summary on shutdown: errorChannel
2018-12-11 13:12:40.199  INFO 23276 --- [Thread-1] o.s.i.monitor.IntegrationMBeanExporter   : Summary on shutdown: nullChannel
2018-12-11 13:12:40.199  INFO 23276 --- [Thread-1] o.s.i.monitor.IntegrationMBeanExporter   : Summary on shutdown: userProfileChangeTopic.profileServersGroup.errors
2018-12-11 13:12:40.199  INFO 23276 --- [Thread-1] o.s.i.monitor.IntegrationMBeanExporter   : Summary on shutdown: _org.springframework.integration.errorLogger.handler
